Arguments: 
  C:\laragon\bin\nodejs\node-v14\node.exe C:\Users\Shocklogic PC\AppData\Roaming\npm\node_modules\yarn\bin\yarn.js install

PATH: 
  C:\Users\Shocklogic PC\AppData\Local\Yarn\config\global\node_modules\.bin;C:\Users\Shocklogic PC\AppData\Roaming\npm;C:\Users\Shocklogic PC\AppData\Roaming\Composer\vendor\bin;;C:\laragon\bin\laragon\utils;C:\laragon\bin\mysql\mysql-5.7.33-winx64\bin;C:\laragon\bin\php\php-7.4.19-Win32-vc15-x64;C:\laragon\bin\composer;C:\laragon\bin\apache\httpd-2.4.47-win64-VS16\bin;C:\laragon\bin\redis\redis-x64-3.2.100;C:\laragon\bin\nodejs\node-v14;C:\laragon\bin\nginx\nginx-1.19.10;C:\laragon\bin\notepad++;C:\laragon\bin\telnet;C:\laragon\bin\ngrok;C:\laragon\bin\git\bin;C:\laragon\bin\git\cmd;C:\laragon\bin\git\usr\bin;C:\laragon\bin\git\mingw64\bin;C:\laragon\bin;C:\laragon\usr\bin;C:\laragon\bin\cmder\bin;C:\Program Files (x86)\Common Files\Oracle\Java\javapath;C:\WINDOWS\system32;C:\WINDOWS;C:\WINDOWS\System32\Wbem;C:\WINDOWS\System32\WindowsPowerShell\v1.0\;C:\WINDOWS\System32\OpenSSH\;C:\Program Files\Git\cmd;C:\Program Files\nodejs\;C:\ProgramData\chocolatey\bin;C:\Program Files\Java\jre1.8.0_311\bin;C:\Users\Shocklogic PC\AppData\Local\Microsoft\WindowsApps;C:\Users\Shocklogic PC\AppData\Roaming\npm;C:\Users\Shocklogic PC\AppData\Local\Programs\Microsoft VS Code\bin;C:\Users\Shocklogic PC\AppData\Local\GitHubDesktop\bin;C:\Users\Shocklogic PC\AppData\Local\gitkraken\bin;C:\Program Files\Git\usr\bin;C:\Program Files\Git\usr\share\vim\vim74;C:\laragon\bin\cmder\;

Yarn version: 
  1.22.17

Node version: 
  14.16.1

Platform: 
  win32 x64

Trace: 
  Error: EPERM: operation not permitted, unlink 'C:\Users\Shocklogic PC\AppData\Local\Yarn\Cache\v6\npm-typescript-4.5.2-8ac1fba9f52256fdb06fb89e4122fa6a346c2998-integrity\node_modules\typescript\.yarn-tarball.tgz'

npm manifest: 
  {
    "name": "application",
    "version": "1.5.0",
    "description": "Work It application layer",
    "main": "index.js",
    "repository": "https://github.com/RHRivasG/Work-It",
    "author": "Quality UCAB Team 1 Semester 2021-2022",
    "scripts": {
      "build": "tsc"
    },
    "license": "ISC",
    "dependencies": {
      "@types/node": "^16.11.7",
      "core": "../core"
    },
    "devDependencies": {
      "typescript": "^4.4.4"
    }
  }

yarn manifest: 
  No manifest

Lockfile: 
  No lockfile
